# JRE version: OpenJDK Runtime Environment Temurin-17.0.13+11 (17.0.13+11) (build 17.0.13+11)
# Java VM: OpenJDK 64-Bit Server VM Temurin-17.0.13+11 (17.0.13+11, mixed mode, tiered, compressed oops, compressed class ptrs, parallel gc, windows-amd64)
GC Precious Log:
 CPUs: 8 total, 8 available
 Memory: 7814M
 Large Page Support: Disabled
 NUMA Support: Disabled
 Compressed Oops: Enabled (32-bit)
 Alignments: Space 512K, Generation 512K, Heap 2M
 Heap Min Capacity: 100M
 Heap Initial Capacity: 100M
 Heap Max Capacity: 1G
 Pre-touch: Disabled
 Parallel Workers: 8
Heap:
 PSYoungGen      total 14848K, used 8137K [0x00000000eab00000, 0x00000000ebd80000, 0x0000000100000000)
  eden space 12800K, 48% used [0x00000000eab00000,0x00000000eb10ba20,0x00000000eb780000)
  from space 2048K, 95% used [0x00000000eb780000,0x00000000eb966d38,0x00000000eb980000)
  to   space 3072K, 0% used [0x00000000eba80000,0x00000000eba80000,0x00000000ebd80000)
 ParOldGen       total 93696K, used 69390K [0x00000000c0000000, 0x00000000c5b80000, 0x00000000eab00000)
  object space 93696K, 74% used [0x00000000c0000000,0x00000000c43c39d0,0x00000000c5b80000)
 Metaspace       used 69464K, committed 70528K, reserved 1114112K
  class space    used 7485K, committed 7936K, reserved 1048576K
GC Heap History (20 events):
Event: 37.361 GC heap before
{Heap before GC invocations=39 (full 3):
 PSYoungGen      total 16896K, used 16879K [0x00000000eab00000, 0x00000000ec180000, 0x0000000100000000)
  eden space 14848K, 100% used [0x00000000eab00000,0x00000000eb980000,0x00000000eb980000)
  from space 2048K, 99% used [0x00000000eb980000,0x00000000ebb7bd38,0x00000000ebb80000)
  to   space 4096K, 0% used [0x00000000ebd80000,0x00000000ebd80000,0x00000000ec180000)
 ParOldGen       total 68608K, used 60328K [0x00000000c0000000, 0x00000000c4300000, 0x00000000eab00000)
  object space 68608K, 87% used [0x00000000c0000000,0x00000000c3aea0d8,0x00000000c4300000)
 Metaspace       used 63359K, committed 64384K, reserved 1114112K
  class space    used 6875K, committed 7296K, reserved 1048576K
}
Event: 37.366 GC heap after
{Heap after GC invocations=39 (full 3):
 PSYoungGen      total 16896K, used 1585K [0x00000000eab00000, 0x00000000ebf80000, 0x0000000100000000)
  eden space 14848K, 0% used [0x00000000eab00000,0x00000000eab00000,0x00000000eb980000)
  from space 2048K, 77% used [0x00000000ebd80000,0x00000000ebf0c770,0x00000000ebf80000)
  to   space 2560K, 0% used [0x00000000eba80000,0x00000000eba80000,0x00000000ebd00000)
 ParOldGen       total 68608K, used 61299K [0x00000000c0000000, 0x00000000c4300000, 0x00000000eab00000)
  object space 68608K, 89% used [0x00000000c0000000,0x00000000c3bdcd80,0x00000000c4300000)
 Metaspace       used 63359K, committed 64384K, reserved 1114112K
  class space    used 6875K, committed 7296K, reserved 1048576K
}
Event: 37.467 GC heap before
{Heap before GC invocations=40 (full 3):
 PSYoungGen      total 16896K, used 16433K [0x00000000eab00000, 0x00000000ebf80000, 0x0000000100000000)
  eden space 14848K, 100% used [0x00000000eab00000,0x00000000eb980000,0x00000000eb980000)
  from space 2048K, 77% used [0x00000000ebd80000,0x00000000ebf0c770,0x00000000ebf80000)
  to   space 2560K, 0% used [0x00000000eba80000,0x00000000eba80000,0x00000000ebd00000)
 ParOldGen       total 68608K, used 61299K [0x00000000c0000000, 0x00000000c4300000, 0x00000000eab00000)
  object space 68608K, 89% used [0x00000000c0000000,0x00000000c3bdcd80,0x00000000c4300000)
 Metaspace       used 63685K, committed 64704K, reserved 1114112K
  class space    used 6901K, committed 7296K, reserved 1048576K
}
Event: 37.470 GC heap after
{Heap after GC invocations=40 (full 3):
 PSYoungGen      total 16384K, used 1319K [0x00000000eab00000, 0x00000000ebe00000, 0x0000000100000000)
  eden space 14848K, 0% used [0x00000000eab00000,0x00000000eab00000,0x00000000eb980000)
  from space 1536K, 85% used [0x00000000eba80000,0x00000000ebbc9ec0,0x00000000ebc00000)
  to   space 1536K, 0% used [0x00000000ebc80000,0x00000000ebc80000,0x00000000ebe00000)
 ParOldGen       total 68608K, used 61958K [0x00000000c0000000, 0x00000000c4300000, 0x00000000eab00000)
  object space 68608K, 90% used [0x00000000c0000000,0x00000000c3c81a58,0x00000000c4300000)
 Metaspace       used 63685K, committed 64704K, reserved 1114112K
  class space    used 6901K, committed 7296K, reserved 1048576K
}
Event: 38.917 GC heap before
{Heap before GC invocations=41 (full 3):
 PSYoungGen      total 16384K, used 16167K [0x00000000eab00000, 0x00000000ebe00000, 0x0000000100000000)
  eden space 14848K, 100% used [0x00000000eab00000,0x00000000eb980000,0x00000000eb980000)
  from space 1536K, 85% used [0x00000000eba80000,0x00000000ebbc9ec0,0x00000000ebc00000)
  to   space 1536K, 0% used [0x00000000ebc80000,0x00000000ebc80000,0x00000000ebe00000)
 ParOldGen       total 68608K, used 61958K [0x00000000c0000000, 0x00000000c4300000, 0x00000000eab00000)
  object space 68608K, 90% used [0x00000000c0000000,0x00000000c3c81a58,0x00000000c4300000)
 Metaspace       used 64574K, committed 65600K, reserved 1114112K
  class space    used 6991K, committed 7424K, reserved 1048576K
}
Event: 38.921 GC heap after
{Heap after GC invocations=41 (full 3):
 PSYoungGen      total 15872K, used 1516K [0x00000000eab00000, 0x00000000ec080000, 0x0000000100000000)
  eden space 14336K, 0% used [0x00000000eab00000,0x00000000eab00000,0x00000000eb900000)
  from space 1536K, 98% used [0x00000000ebc80000,0x00000000ebdfb268,0x00000000ebe00000)
  to   space 3584K, 0% used [0x00000000eb900000,0x00000000eb900000,0x00000000ebc80000)
 ParOldGen       total 68608K, used 63636K [0x00000000c0000000, 0x00000000c4300000, 0x00000000eab00000)
  object space 68608K, 92% used [0x00000000c0000000,0x00000000c3e25218,0x00000000c4300000)
 Metaspace       used 64574K, committed 65600K, reserved 1114112K
  class space    used 6991K, committed 7424K, reserved 1048576K
}
Event: 39.384 GC heap before
{Heap before GC invocations=42 (full 3):
 PSYoungGen      total 15872K, used 15852K [0x00000000eab00000, 0x00000000ec080000, 0x0000000100000000)
  eden space 14336K, 100% used [0x00000000eab00000,0x00000000eb900000,0x00000000eb900000)
  from space 1536K, 98% used [0x00000000ebc80000,0x00000000ebdfb268,0x00000000ebe00000)
  to   space 3584K, 0% used [0x00000000eb900000,0x00000000eb900000,0x00000000ebc80000)
 ParOldGen       total 68608K, used 63636K [0x00000000c0000000, 0x00000000c4300000, 0x00000000eab00000)
  object space 68608K, 92% used [0x00000000c0000000,0x00000000c3e25218,0x00000000c4300000)
 Metaspace       used 64714K, committed 65728K, reserved 1114112K
  class space    used 7007K, committed 7424K, reserved 1048576K
}
Event: 39.388 GC heap after
{Heap after GC invocations=42 (full 3):
 PSYoungGen      total 17920K, used 3067K [0x00000000eab00000, 0x00000000ec000000, 0x0000000100000000)
  eden space 14336K, 0% used [0x00000000eab00000,0x00000000eab00000,0x00000000eb900000)
  from space 3584K, 85% used [0x00000000eb900000,0x00000000ebbfec30,0x00000000ebc80000)
  to   space 3584K, 0% used [0x00000000ebc80000,0x00000000ebc80000,0x00000000ec000000)
 ParOldGen       total 68608K, used 65056K [0x00000000c0000000, 0x00000000c4300000, 0x00000000eab00000)
  object space 68608K, 94% used [0x00000000c0000000,0x00000000c3f883b0,0x00000000c4300000)
 Metaspace       used 64714K, committed 65728K, reserved 1114112K
  class space    used 7007K, committed 7424K, reserved 1048576K
}
Event: 39.707 GC heap before
{Heap before GC invocations=43 (full 3):
 PSYoungGen      total 17920K, used 17403K [0x00000000eab00000, 0x00000000ec000000, 0x0000000100000000)
  eden space 14336K, 100% used [0x00000000eab00000,0x00000000eb900000,0x00000000eb900000)
  from space 3584K, 85% used [0x00000000eb900000,0x00000000ebbfec30,0x00000000ebc80000)
  to   space 3584K, 0% used [0x00000000ebc80000,0x00000000ebc80000,0x00000000ec000000)
 ParOldGen       total 68608K, used 65056K [0x00000000c0000000, 0x00000000c4300000, 0x00000000eab00000)
  object space 68608K, 94% used [0x00000000c0000000,0x00000000c3f883b0,0x00000000c4300000)
 Metaspace       used 65337K, committed 66368K, reserved 1114112K
  class space    used 7074K, committed 7488K, reserved 1048576K
}
Event: 39.713 GC heap after
{Heap after GC invocations=43 (full 3):
 PSYoungGen      total 17920K, used 3067K [0x00000000eab00000, 0x00000000ec000000, 0x0000000100000000)
  eden space 14336K, 0% used [0x00000000eab00000,0x00000000eab00000,0x00000000eb900000)
  from space 3584K, 85% used [0x00000000ebc80000,0x00000000ebf7eeb8,0x00000000ec000000)
  to   space 3584K, 0% used [0x00000000eb900000,0x00000000eb900000,0x00000000ebc80000)
 ParOldGen       total 68608K, used 67928K [0x00000000c0000000, 0x00000000c4300000, 0x00000000eab00000)
  object space 68608K, 99% used [0x00000000c0000000,0x00000000c4256030,0x00000000c4300000)
 Metaspace       used 65337K, committed 66368K, reserved 1114112K
  class space    used 7074K, committed 7488K, reserved 1048576K
}
Event: 40.150 GC heap before
{Heap before GC invocations=44 (full 4):
 PSYoungGen      total 17920K, used 17403K [0x00000000eab00000, 0x00000000ec000000, 0x0000000100000000)
  eden space 14336K, 100% used [0x00000000eab00000,0x00000000eb900000,0x00000000eb900000)
  from space 3584K, 85% used [0x00000000ebc80000,0x00000000ebf7eeb8,0x00000000ec000000)
  to   space 3584K, 0% used [0x00000000eb900000,0x00000000eb900000,0x00000000ebc80000)
 ParOldGen       total 68608K, used 67928K [0x00000000c0000000, 0x00000000c4300000, 0x00000000eab00000)
  object space 68608K, 99% used [0x00000000c0000000,0x00000000c4256030,0x00000000c4300000)
 Metaspace       used 65714K, committed 66752K, reserved 1114112K
  class space    used 7137K, committed 7552K, reserved 1048576K
}
Event: 40.278 GC heap after
{Heap after GC invocations=44 (full 4):
 PSYoungGen      total 17920K, used 0K [0x00000000eab00000, 0x00000000ec000000, 0x0000000100000000)
  eden space 14336K, 0% used [0x00000000eab00000,0x00000000eab00000,0x00000000eb900000)
  from space 3584K, 0% used [0x00000000eb900000,0x00000000eb900000,0x00000000ebc80000)
  to   space 3584K, 0% used [0x00000000ebc80000,0x00000000ebc80000,0x00000000ec000000)
 ParOldGen       total 93696K, used 65325K [0x00000000c0000000, 0x00000000c5b80000, 0x00000000eab00000)
  object space 93696K, 69% used [0x00000000c0000000,0x00000000c3fcb498,0x00000000c5b80000)
 Metaspace       used 65714K, committed 66752K, reserved 1114112K
  class space    used 7137K, committed 7552K, reserved 1048576K
}
Event: 40.667 GC heap before
{Heap before GC invocations=45 (full 4):
 PSYoungGen      total 17920K, used 14336K [0x00000000eab00000, 0x00000000ec000000, 0x0000000100000000)
  eden space 14336K, 100% used [0x00000000eab00000,0x00000000eb900000,0x00000000eb900000)
  from space 3584K, 0% used [0x00000000eb900000,0x00000000eb900000,0x00000000ebc80000)
  to   space 3584K, 0% used [0x00000000ebc80000,0x00000000ebc80000,0x00000000ec000000)
 ParOldGen       total 93696K, used 65325K [0x00000000c0000000, 0x00000000c5b80000, 0x00000000eab00000)
  object space 93696K, 69% used [0x00000000c0000000,0x00000000c3fcb498,0x00000000c5b80000)
 Metaspace       used 66584K, committed 67584K, reserved 1114112K
  class space    used 7229K, committed 7616K, reserved 1048576K
}
Event: 40.670 GC heap after
{Heap after GC invocations=45 (full 4):
 PSYoungGen      total 16384K, used 1764K [0x00000000eab00000, 0x00000000ebe80000, 0x0000000100000000)
  eden space 14336K, 0% used [0x00000000eab00000,0x00000000eab00000,0x00000000eb900000)
  from space 2048K, 86% used [0x00000000ebc80000,0x00000000ebe39120,0x00000000ebe80000)
  to   space 2560K, 0% used [0x00000000eb980000,0x00000000eb980000,0x00000000ebc00000)
 ParOldGen       total 93696K, used 65333K [0x00000000c0000000, 0x00000000c5b80000, 0x00000000eab00000)
  object space 93696K, 69% used [0x00000000c0000000,0x00000000c3fcd498,0x00000000c5b80000)
 Metaspace       used 66584K, committed 67584K, reserved 1114112K
  class space    used 7229K, committed 7616K, reserved 1048576K
}
Event: 40.749 GC heap before
{Heap before GC invocations=46 (full 4):
 PSYoungGen      total 16384K, used 16100K [0x00000000eab00000, 0x00000000ebe80000, 0x0000000100000000)
  eden space 14336K, 100% used [0x00000000eab00000,0x00000000eb900000,0x00000000eb900000)
  from space 2048K, 86% used [0x00000000ebc80000,0x00000000ebe39120,0x00000000ebe80000)
  to   space 2560K, 0% used [0x00000000eb980000,0x00000000eb980000,0x00000000ebc00000)
 ParOldGen       total 93696K, used 65333K [0x00000000c0000000, 0x00000000c5b80000, 0x00000000eab00000)
  object space 93696K, 69% used [0x00000000c0000000,0x00000000c3fcd498,0x00000000c5b80000)
 Metaspace       used 66755K, committed 67840K, reserved 1114112K
  class space    used 7245K, committed 7680K, reserved 1048576K
}
Event: 40.752 GC heap after
{Heap after GC invocations=46 (full 4):
 PSYoungGen      total 16896K, used 2342K [0x00000000eab00000, 0x00000000ebe00000, 0x0000000100000000)
  eden space 14336K, 0% used [0x00000000eab00000,0x00000000eab00000,0x00000000eb900000)
  from space 2560K, 91% used [0x00000000eb980000,0x00000000ebbc9b60,0x00000000ebc00000)
  to   space 2048K, 0% used [0x00000000ebc00000,0x00000000ebc00000,0x00000000ebe00000)
 ParOldGen       total 93696K, used 65341K [0x00000000c0000000, 0x00000000c5b80000, 0x00000000eab00000)
  object space 93696K, 69% used [0x00000000c0000000,0x00000000c3fcf498,0x00000000c5b80000)
 Metaspace       used 66755K, committed 67840K, reserved 1114112K
  class space    used 7245K, committed 7680K, reserved 1048576K
}
Event: 41.675 GC heap before
{Heap before GC invocations=47 (full 4):
 PSYoungGen      total 16896K, used 16678K [0x00000000eab00000, 0x00000000ebe00000, 0x0000000100000000)
  eden space 14336K, 100% used [0x00000000eab00000,0x00000000eb900000,0x00000000eb900000)
  from space 2560K, 91% used [0x00000000eb980000,0x00000000ebbc9b60,0x00000000ebc00000)
  to   space 2048K, 0% used [0x00000000ebc00000,0x00000000ebc00000,0x00000000ebe00000)
 ParOldGen       total 93696K, used 65341K [0x00000000c0000000, 0x00000000c5b80000, 0x00000000eab00000)
  object space 93696K, 69% used [0x00000000c0000000,0x00000000c3fcf498,0x00000000c5b80000)
 Metaspace       used 68162K, committed 69312K, reserved 1114112K
  class space    used 7357K, committed 7808K, reserved 1048576K
}
Event: 41.679 GC heap after
{Heap after GC invocations=47 (full 4):
 PSYoungGen      total 14848K, used 2034K [0x00000000eab00000, 0x00000000ec200000, 0x0000000100000000)
  eden space 12800K, 0% used [0x00000000eab00000,0x00000000eab00000,0x00000000eb780000)
  from space 2048K, 99% used [0x00000000ebc00000,0x00000000ebdfc8a8,0x00000000ebe00000)
  to   space 4608K, 0% used [0x00000000eb780000,0x00000000eb780000,0x00000000ebc00000)
 ParOldGen       total 93696K, used 67546K [0x00000000c0000000, 0x00000000c5b80000, 0x00000000eab00000)
  object space 93696K, 72% used [0x00000000c0000000,0x00000000c41f6a70,0x00000000c5b80000)
 Metaspace       used 68162K, committed 69312K, reserved 1114112K
  class space    used 7357K, committed 7808K, reserved 1048576K
}
Event: 42.007 GC heap before
{Heap before GC invocations=48 (full 4):
 PSYoungGen      total 14848K, used 14834K [0x00000000eab00000, 0x00000000ec200000, 0x0000000100000000)
  eden space 12800K, 100% used [0x00000000eab00000,0x00000000eb780000,0x00000000eb780000)
  from space 2048K, 99% used [0x00000000ebc00000,0x00000000ebdfc8a8,0x00000000ebe00000)
  to   space 4608K, 0% used [0x00000000eb780000,0x00000000eb780000,0x00000000ebc00000)
 ParOldGen       total 93696K, used 67546K [0x00000000c0000000, 0x00000000c5b80000, 0x00000000eab00000)
  object space 93696K, 72% used [0x00000000c0000000,0x00000000c41f6a70,0x00000000c5b80000)
 Metaspace       used 69213K, committed 70336K, reserved 1114112K
  class space    used 7464K, committed 7936K, reserved 1048576K
}
Event: 42.012 GC heap after
{Heap after GC invocations=48 (full 4):
 PSYoungGen      total 14848K, used 1947K [0x00000000eab00000, 0x00000000ebd80000, 0x0000000100000000)
  eden space 12800K, 0% used [0x00000000eab00000,0x00000000eab00000,0x00000000eb780000)
  from space 2048K, 95% used [0x00000000eb780000,0x00000000eb966d38,0x00000000eb980000)
  to   space 3072K, 0% used [0x00000000eba80000,0x00000000eba80000,0x00000000ebd80000)
 ParOldGen       total 93696K, used 69390K [0x00000000c0000000, 0x00000000c5b80000, 0x00000000eab00000)
  object space 93696K, 74% used [0x00000000c0000000,0x00000000c43c39d0,0x00000000c5b80000)
 Metaspace       used 69213K, committed 70336K, reserved 1114112K
  class space    used 7464K, committed 7936K, reserved 1048576K
}

